2016-01-17 23:05:57,496 - Log4JLogChute initialized using file 'velocity.log'
2016-01-17 23:05:57,496 - Initializing Velocity, Calling init()...
2016-01-17 23:05:57,496 - Starting Apache Velocity v1.7 (compiled: 2010-11-19 12:14:37)
2016-01-17 23:05:57,496 - Default Properties File: org\apache\velocity\runtime\defaults\velocity.properties
2016-01-17 23:05:57,496 - Trying to use logger class org.apache.velocity.runtime.log.AvalonLogChute
2016-01-17 23:05:57,496 - Target log system for org.apache.velocity.runtime.log.AvalonLogChute is not available (java.lang.NoClassDefFoundError: org/apache/log/format/Formatter).  Falling back to next log system...
2016-01-17 23:05:57,496 - Trying to use logger class org.apache.velocity.runtime.log.Log4JLogChute
2016-01-17 23:05:57,496 - Using logger class org.apache.velocity.runtime.log.Log4JLogChute
2016-01-17 23:05:57,496 - ResourceLoader instantiated: org.apache.velocity.runtime.resource.loader.ClasspathResourceLoader
2016-01-17 23:05:57,511 - ResourceCache: initialized (class org.apache.velocity.runtime.resource.ResourceCacheImpl) with class java.util.Collections$SynchronizedMap cache map.
2016-01-17 23:05:57,511 - Loaded System Directive: org.apache.velocity.runtime.directive.Stop
2016-01-17 23:05:57,511 - Loaded System Directive: org.apache.velocity.runtime.directive.Define
2016-01-17 23:05:57,527 - Loaded System Directive: org.apache.velocity.runtime.directive.Break
2016-01-17 23:05:57,527 - Loaded System Directive: org.apache.velocity.runtime.directive.Evaluate
2016-01-17 23:05:57,527 - Loaded System Directive: org.apache.velocity.runtime.directive.Literal
2016-01-17 23:05:57,527 - Loaded System Directive: org.apache.velocity.runtime.directive.Macro
2016-01-17 23:05:57,527 - Loaded System Directive: org.apache.velocity.runtime.directive.Parse
2016-01-17 23:05:57,527 - Loaded System Directive: org.apache.velocity.runtime.directive.Include
2016-01-17 23:05:57,527 - Loaded System Directive: org.apache.velocity.runtime.directive.Foreach
2016-01-17 23:05:57,558 - Created '20' parsers.
2016-01-17 23:05:57,558 - Velocimacro : "velocimacro.library" is not set.  Trying default library: VM_global_library.vm
2016-01-17 23:05:57,558 - Could not load resource 'VM_global_library.vm' from ResourceLoader org.apache.velocity.runtime.resource.loader.ClasspathResourceLoader: ClasspathResourceLoader Error: cannot find resource VM_global_library.vm
2016-01-17 23:05:57,558 - Velocimacro : Default library not found.
2016-01-17 23:05:57,558 - Velocimacro : allowInline = true : VMs can be defined inline in templates
2016-01-17 23:05:57,558 - Velocimacro : allowInlineToOverride = false : VMs defined inline may NOT replace previous VM definitions
2016-01-17 23:05:57,558 - Velocimacro : allowInlineLocal = false : VMs defined inline will be global in scope if allowed.
2016-01-17 23:05:57,558 - Velocimacro : autoload off : VM system will not automatically reload global library macros
2016-01-17 23:05:57,558 - ResourceManager : unable to find resource 'generatejavabean/template/template-javaBean.vm' in any resource loader.
2016-01-17 23:06:40,124 - Log4JLogChute initialized using file 'velocity.log'
2016-01-17 23:06:40,124 - Initializing Velocity, Calling init()...
2016-01-17 23:06:40,124 - Starting Apache Velocity v1.7 (compiled: 2010-11-19 12:14:37)
2016-01-17 23:06:40,124 - Default Properties File: org\apache\velocity\runtime\defaults\velocity.properties
2016-01-17 23:06:40,124 - Trying to use logger class org.apache.velocity.runtime.log.AvalonLogChute
2016-01-17 23:06:40,124 - Target log system for org.apache.velocity.runtime.log.AvalonLogChute is not available (java.lang.NoClassDefFoundError: org/apache/log/format/Formatter).  Falling back to next log system...
2016-01-17 23:06:40,124 - Trying to use logger class org.apache.velocity.runtime.log.Log4JLogChute
2016-01-17 23:06:40,124 - Using logger class org.apache.velocity.runtime.log.Log4JLogChute
2016-01-17 23:06:40,124 - ResourceLoader instantiated: org.apache.velocity.runtime.resource.loader.ClasspathResourceLoader
2016-01-17 23:06:40,139 - ResourceCache: initialized (class org.apache.velocity.runtime.resource.ResourceCacheImpl) with class java.util.Collections$SynchronizedMap cache map.
2016-01-17 23:06:40,139 - Loaded System Directive: org.apache.velocity.runtime.directive.Stop
2016-01-17 23:06:40,139 - Loaded System Directive: org.apache.velocity.runtime.directive.Define
2016-01-17 23:06:40,139 - Loaded System Directive: org.apache.velocity.runtime.directive.Break
2016-01-17 23:06:40,139 - Loaded System Directive: org.apache.velocity.runtime.directive.Evaluate
2016-01-17 23:06:40,139 - Loaded System Directive: org.apache.velocity.runtime.directive.Literal
2016-01-17 23:06:40,139 - Loaded System Directive: org.apache.velocity.runtime.directive.Macro
2016-01-17 23:06:40,139 - Loaded System Directive: org.apache.velocity.runtime.directive.Parse
2016-01-17 23:06:40,155 - Loaded System Directive: org.apache.velocity.runtime.directive.Include
2016-01-17 23:06:40,155 - Loaded System Directive: org.apache.velocity.runtime.directive.Foreach
2016-01-17 23:06:40,186 - Created '20' parsers.
2016-01-17 23:06:40,186 - Velocimacro : "velocimacro.library" is not set.  Trying default library: VM_global_library.vm
2016-01-17 23:06:40,186 - Could not load resource 'VM_global_library.vm' from ResourceLoader org.apache.velocity.runtime.resource.loader.ClasspathResourceLoader: ClasspathResourceLoader Error: cannot find resource VM_global_library.vm
2016-01-17 23:06:40,186 - Velocimacro : Default library not found.
2016-01-17 23:06:40,186 - Velocimacro : allowInline = true : VMs can be defined inline in templates
2016-01-17 23:06:40,186 - Velocimacro : allowInlineToOverride = false : VMs defined inline may NOT replace previous VM definitions
2016-01-17 23:06:40,186 - Velocimacro : allowInlineLocal = false : VMs defined inline will be global in scope if allowed.
2016-01-17 23:06:40,186 - Velocimacro : autoload off : VM system will not automatically reload global library macros
2016-01-17 23:06:40,202 - ResourceManager : found template/template-javaBean.vm with loader org.apache.velocity.runtime.resource.loader.ClasspathResourceLoader
2016-01-17 23:07:46,146 - Log4JLogChute initialized using file 'velocity.log'
2016-01-17 23:07:46,146 - Initializing Velocity, Calling init()...
2016-01-17 23:07:46,146 - Starting Apache Velocity v1.7 (compiled: 2010-11-19 12:14:37)
2016-01-17 23:07:46,146 - Default Properties File: org\apache\velocity\runtime\defaults\velocity.properties
2016-01-17 23:07:46,146 - Trying to use logger class org.apache.velocity.runtime.log.AvalonLogChute
2016-01-17 23:07:46,146 - Target log system for org.apache.velocity.runtime.log.AvalonLogChute is not available (java.lang.NoClassDefFoundError: org/apache/log/format/Formatter).  Falling back to next log system...
2016-01-17 23:07:46,146 - Trying to use logger class org.apache.velocity.runtime.log.Log4JLogChute
2016-01-17 23:07:46,146 - Using logger class org.apache.velocity.runtime.log.Log4JLogChute
2016-01-17 23:07:46,146 - ResourceLoader instantiated: org.apache.velocity.runtime.resource.loader.ClasspathResourceLoader
2016-01-17 23:08:08,300 - Log4JLogChute initialized using file 'velocity.log'
2016-01-17 23:08:08,300 - Initializing Velocity, Calling init()...
2016-01-17 23:08:08,300 - Starting Apache Velocity v1.7 (compiled: 2010-11-19 12:14:37)
2016-01-17 23:08:08,300 - Default Properties File: org\apache\velocity\runtime\defaults\velocity.properties
2016-01-17 23:08:08,300 - Trying to use logger class org.apache.velocity.runtime.log.AvalonLogChute
2016-01-17 23:08:08,300 - Target log system for org.apache.velocity.runtime.log.AvalonLogChute is not available (java.lang.NoClassDefFoundError: org/apache/log/format/Formatter).  Falling back to next log system...
2016-01-17 23:08:08,300 - Trying to use logger class org.apache.velocity.runtime.log.Log4JLogChute
2016-01-17 23:08:08,300 - Using logger class org.apache.velocity.runtime.log.Log4JLogChute
2016-01-17 23:08:08,315 - ResourceLoader instantiated: org.apache.velocity.runtime.resource.loader.ClasspathResourceLoader
2016-01-17 23:08:08,331 - ResourceCache: initialized (class org.apache.velocity.runtime.resource.ResourceCacheImpl) with class java.util.Collections$SynchronizedMap cache map.
2016-01-17 23:08:08,331 - Loaded System Directive: org.apache.velocity.runtime.directive.Stop
2016-01-17 23:08:08,331 - Loaded System Directive: org.apache.velocity.runtime.directive.Define
2016-01-17 23:08:08,331 - Loaded System Directive: org.apache.velocity.runtime.directive.Break
2016-01-17 23:08:08,331 - Loaded System Directive: org.apache.velocity.runtime.directive.Evaluate
2016-01-17 23:08:08,331 - Loaded System Directive: org.apache.velocity.runtime.directive.Literal
2016-01-17 23:08:08,331 - Loaded System Directive: org.apache.velocity.runtime.directive.Macro
2016-01-17 23:08:08,331 - Loaded System Directive: org.apache.velocity.runtime.directive.Parse
2016-01-17 23:08:08,331 - Loaded System Directive: org.apache.velocity.runtime.directive.Include
2016-01-17 23:08:08,331 - Loaded System Directive: org.apache.velocity.runtime.directive.Foreach
2016-01-17 23:08:08,362 - Created '20' parsers.
2016-01-17 23:08:08,362 - Velocimacro : "velocimacro.library" is not set.  Trying default library: VM_global_library.vm
2016-01-17 23:08:08,362 - Could not load resource 'VM_global_library.vm' from ResourceLoader org.apache.velocity.runtime.resource.loader.ClasspathResourceLoader: ClasspathResourceLoader Error: cannot find resource VM_global_library.vm
2016-01-17 23:08:08,362 - Velocimacro : Default library not found.
2016-01-17 23:08:08,362 - Velocimacro : allowInline = true : VMs can be defined inline in templates
2016-01-17 23:08:08,362 - Velocimacro : allowInlineToOverride = false : VMs defined inline may NOT replace previous VM definitions
2016-01-17 23:08:08,362 - Velocimacro : allowInlineLocal = false : VMs defined inline will be global in scope if allowed.
2016-01-17 23:08:08,362 - Velocimacro : autoload off : VM system will not automatically reload global library macros
2016-01-17 23:08:08,378 - ResourceManager : found template/template-javaBean.vm with loader org.apache.velocity.runtime.resource.loader.ClasspathResourceLoader
